  Course project in C.c
D:\ВГТУ\1 курс\1 семестр\Программирование (C)\Курсовой проект (C)\Course project in C\Course project in C\Course project in C.c(26,5): warning C4013: system: нет определения; предполагается "extern" с возвратом типа "int"
D:\ВГТУ\1 курс\1 семестр\Программирование (C)\Курсовой проект (C)\Course project in C\Course project in C\Course project in C.c(29,5): warning C4013: srand: нет определения; предполагается "extern" с возвратом типа "int"
D:\ВГТУ\1 курс\1 семестр\Программирование (C)\Курсовой проект (C)\Course project in C\Course project in C\Course project in C.c(159,9): warning C4013: strcpy: нет определения; предполагается "extern" с возвратом типа "int"
D:\ВГТУ\1 курс\1 семестр\Программирование (C)\Курсовой проект (C)\Course project in C\Course project in C\Course project in C.c(169,86): warning C4020: perror: слишком много фактических параметров
D:\ВГТУ\1 курс\1 семестр\Программирование (C)\Курсовой проект (C)\Course project in C\Course project in C\Course project in C.c(185,11): warning C4047: функция: "int (*)[10]" отличается по уровням косвенного обращения от "int [10]"
D:\ВГТУ\1 курс\1 семестр\Программирование (C)\Курсовой проект (C)\Course project in C\Course project in C\Course project in C.c(185,11): warning C4024: Game: различные типы для формального и фактического параметров 1
D:\ВГТУ\1 курс\1 семестр\Программирование (C)\Курсовой проект (C)\Course project in C\Course project in C\Course project in C.c(200,17): warning C4013: rand: нет определения; предполагается "extern" с возвратом типа "int"
D:\ВГТУ\1 курс\1 семестр\Программирование (C)\Курсовой проект (C)\Course project in C\Course project in C\Course project in C.c(208,11): warning C4047: функция: "int (*)[10]" отличается по уровням косвенного обращения от "int [10]"
D:\ВГТУ\1 курс\1 семестр\Программирование (C)\Курсовой проект (C)\Course project in C\Course project in C\Course project in C.c(208,11): warning C4024: Game: различные типы для формального и фактического параметров 1
D:\ВГТУ\1 курс\1 семестр\Программирование (C)\Курсовой проект (C)\Course project in C\Course project in C\Course project in C.c(251,19): warning C4047: функция: "int (*)[10]" отличается по уровням косвенного обращения от "int [10]"
D:\ВГТУ\1 курс\1 семестр\Программирование (C)\Курсовой проект (C)\Course project in C\Course project in C\Course project in C.c(251,19): warning C4024: PlayingField: различные типы для формального и фактического параметров 1
D:\ВГТУ\1 курс\1 семестр\Программирование (C)\Курсовой проект (C)\Course project in C\Course project in C\Course project in C.c(312,23): warning C4047: функция: "int (*)[10]" отличается по уровням косвенного обращения от "int [10]"
D:\ВГТУ\1 курс\1 семестр\Программирование (C)\Курсовой проект (C)\Course project in C\Course project in C\Course project in C.c(312,23): warning C4024: PlayingField: различные типы для формального и фактического параметров 1
D:\ВГТУ\1 курс\1 семестр\Программирование (C)\Курсовой проект (C)\Course project in C\Course project in C\Course project in C.c(314,28): warning C4047: функция: "int (*)[10]" отличается по уровням косвенного обращения от "int [10]"
D:\ВГТУ\1 курс\1 семестр\Программирование (C)\Курсовой проект (C)\Course project in C\Course project in C\Course project in C.c(314,28): warning C4024: CheckGameOver: различные типы для формального и фактического параметров 1
D:\ВГТУ\1 курс\1 семестр\Программирование (C)\Курсовой проект (C)\Course project in C\Course project in C\Course project in C.c(315,30): warning C4047: функция: "int (*)[10]" отличается по уровням косвенного обращения от "int [10]"
D:\ВГТУ\1 курс\1 семестр\Программирование (C)\Курсовой проект (C)\Course project in C\Course project in C\Course project in C.c(315,30): warning C4024: DisplayGameOver: различные типы для формального и фактического параметров 1
D:\ВГТУ\1 курс\1 семестр\Программирование (C)\Курсовой проект (C)\Course project in C\Course project in C\Course project in C.c(329,22): warning C4047: функция: "int (*)[10]" отличается по уровням косвенного обращения от "int [10]"
D:\ВГТУ\1 курс\1 семестр\Программирование (C)\Курсовой проект (C)\Course project in C\Course project in C\Course project in C.c(329,22): warning C4024: SaveEnd: различные типы для формального и фактического параметров 1
D:\ВГТУ\1 курс\1 семестр\Программирование (C)\Курсовой проект (C)\Course project in C\Course project in C\Course project in C.c(424,27): warning C4047: функция: "int (*)[10]" отличается по уровням косвенного обращения от "int [10]"
D:\ВГТУ\1 курс\1 семестр\Программирование (C)\Курсовой проект (C)\Course project in C\Course project in C\Course project in C.c(424,27): warning C4024: CheckGameOver: различные типы для формального и фактического параметров 1
D:\ВГТУ\1 курс\1 семестр\Программирование (C)\Курсовой проект (C)\Course project in C\Course project in C\Course project in C.c(424,59): warning C4047: функция: "int (*)[10]" отличается по уровням косвенного обращения от "int [10]"
D:\ВГТУ\1 курс\1 семестр\Программирование (C)\Курсовой проект (C)\Course project in C\Course project in C\Course project in C.c(424,59): warning C4024: CheckZeroGroups: различные типы для формального и фактического параметров 1
D:\ВГТУ\1 курс\1 семестр\Программирование (C)\Курсовой проект (C)\Course project in C\Course project in C\Course project in C.c(424,94): warning C4047: функция: "int (*)[10]" отличается по уровням косвенного обращения от "int [10]"
D:\ВГТУ\1 курс\1 семестр\Программирование (C)\Курсовой проект (C)\Course project in C\Course project in C\Course project in C.c(424,94): warning C4024: CheckNegativePairs: различные типы для формального и фактического параметров 1
D:\ВГТУ\1 курс\1 семестр\Программирование (C)\Курсовой проект (C)\Course project in C\Course project in C\Course project in C.c(430,19): warning C4047: функция: "int (*)[10]" отличается по уровням косвенного обращения от "int [10]"
D:\ВГТУ\1 курс\1 семестр\Программирование (C)\Курсовой проект (C)\Course project in C\Course project in C\Course project in C.c(430,19): warning C4024: CheckWin: различные типы для формального и фактического параметров 1
D:\ВГТУ\1 курс\1 семестр\Программирование (C)\Курсовой проект (C)\Course project in C\Course project in C\Course project in C.c(433,29): warning C4047: функция: "int (*)[10]" отличается по уровням косвенного обращения от "int [10]"
D:\ВГТУ\1 курс\1 семестр\Программирование (C)\Курсовой проект (C)\Course project in C\Course project in C\Course project in C.c(433,29): warning C4024: CheckGameOver: различные типы для формального и фактического параметров 1
D:\ВГТУ\1 курс\1 семестр\Программирование (C)\Курсовой проект (C)\Course project in C\Course project in C\Course project in C.c(440,18): warning C4047: функция: "int (*)[10]" отличается по уровням косвенного обращения от "int [10]"
D:\ВГТУ\1 курс\1 семестр\Программирование (C)\Курсовой проект (C)\Course project in C\Course project in C\Course project in C.c(440,18): warning C4024: SaveEnd: различные типы для формального и фактического параметров 1
D:\ВГТУ\1 курс\1 семестр\Программирование (C)\Курсовой проект (C)\Course project in C\Course project in C\Course project in C.c(462,90): warning C4020: perror: слишком много фактических параметров
D:\ВГТУ\1 курс\1 семестр\Программирование (C)\Курсовой проект (C)\Course project in C\Course project in C\Course project in C.c(99): warning C4715: RulesGame: значение возвращается не при всех путях выполнения
  Course project in C.vcxproj -> D:\ВГТУ\1 курс\1 семестр\Программирование (C)\Курсовой проект (C)\Course project in C\x64\Debug\Course project in C.exe
